<?xml version="1.0" encoding="UTF-8"?>
<!-- Generated by org.testng.reporters.JUnitReportReporter -->
<testsuite hostname="DESKTOP-7JOFLV1" failures="0" tests="1" name="com.DSalgo.testCases.TC_GetStartedTest" time="1.544" errors="0" timestamp="2022-06-27T15:03:49 CDT" skipped="0">
  <testcase classname="com.DSalgo.testCases.TC_GetStartedTest" name="getStartedTest" time="1.544"/>
  <system-out/>
</testsuite> <!-- com.DSalgo.testCases.TC_GetStartedTest -->
