<?xml version="1.0" encoding="UTF-8"?>
<!-- Generated by org.testng.reporters.JUnitReportReporter -->
<testsuite hostname="DESKTOP-7JOFLV1" failures="0" tests="4" name="com.DSalgo.testCases.TC_LoginDDT_002" time="4.450" errors="0" timestamp="2022-06-27T15:03:49 CDT" skipped="0">
  <testcase classname="com.DSalgo.testCases.TC_LoginDDT_002" name="loginDDT" time="1.234"/>
  <system-out/>
  <testcase classname="com.DSalgo.testCases.TC_LoginDDT_002" name="loginDDT" time="0.858"/>
  <system-out/>
  <testcase classname="com.DSalgo.testCases.TC_LoginDDT_002" name="loginDDT" time="1.259"/>
  <system-out/>
  <testcase classname="com.DSalgo.testCases.TC_LoginDDT_002" name="loginDDT" time="1.099"/>
  <system-out/>
</testsuite> <!-- com.DSalgo.testCases.TC_LoginDDT_002 -->
